<?xml version="1.0" encoding="UTF-8"?>
<!-- Generated by org.testng.reporters.JUnitReportReporter -->
<testsuite hostname="AMOL_AKSHAYA" failures="0" tests="3" name="com.ui.tests.LoginTest" time="36.173" errors="0" timestamp="2025-06-22T21:37:41 IST" skipped="0">
  <testcase classname="com.ui.tests.LoginTest" name="loginJSONTest" time="13.185"/>
  <testcase classname="com.ui.tests.LoginTest" name="loginCSV_Test" time="12.557"/>
  <testcase classname="com.ui.tests.LoginTest" name="loginExcelTest" time="10.431"/>
</testsuite> <!-- com.ui.tests.LoginTest -->
