<?xml version="1.0" encoding="UTF-8"?>
<!-- Generated by org.testng.reporters.JUnitReportReporter -->
<testsuite hostname="AMOL_AKSHAYA" failures="0" tests="3" name="com.ui.tests.LoginTest" time="68.435" errors="0" timestamp="2025-06-22T18:10:27 IST" skipped="0">
  <testcase classname="com.ui.tests.LoginTest" name="loginJSONTest" time="29.177"/>
  <testcase classname="com.ui.tests.LoginTest" name="loginCSV_Test" time="21.355"/>
  <testcase classname="com.ui.tests.LoginTest" name="loginExcelTest" time="17.903"/>
</testsuite> <!-- com.ui.tests.LoginTest -->
