<?xml version="1.0" encoding="UTF-8"?>
<!-- Generated by org.testng.reporters.JUnitReportReporter -->
<testsuite hostname="AMOL_AKSHAYA" failures="0" tests="3" name="com.ui.tests.LoginTest" time="109.453" errors="0" timestamp="2025-06-22T14:27:20 IST" skipped="0">
  <testcase classname="com.ui.tests.LoginTest" name="loginJSONTest" time="38.687"/>
  <testcase classname="com.ui.tests.LoginTest" name="loginCSV_Test" time="36.484"/>
  <testcase classname="com.ui.tests.LoginTest" name="loginExcelTest" time="34.282"/>
</testsuite> <!-- com.ui.tests.LoginTest -->
